app/build/intermediates/manifest_merge_blame_file/debug/manifest-merger-blame-debug-report.txt
1<?xml version="1.0" encoding="utf-8"?>
2<manifest xmlns:android="http://schemas.android.com/apk/res/android"
3    package="com.unfamiliardev.bbc"
4    android:versionCode="1"
5    android:versionName="1.0.0" >
6
7    <uses-sdk
8        android:minSdkVersion="21"
9        android:targetSdkVersion="34" />
10
11    <uses-permission android:name="android.permission.INTERNET" />
11-->src\main\AndroidManifest.xml:4:5-67
11-->src\main\AndroidManifest.xml:4:22-64
12    <uses-permission android:name="android.permission.ACCESS_NETWORK_STATE" />
12-->src\main\AndroidManifest.xml:5:5-79
12-->src\main\AndroidManifest.xml:5:22-76
13
14    <uses-feature
14-->src\main\AndroidManifest.xml:7:5-9:36
15        android:name="android.hardware.touchscreen"
15-->src\main\AndroidManifest.xml:8:9-52
16        android:required="false" />
16-->src\main\AndroidManifest.xml:9:9-33
17    <uses-feature
17-->src\main\AndroidManifest.xml:10:5-12:35
18        android:name="android.software.leanback"
18-->src\main\AndroidManifest.xml:11:9-49
19        android:required="true" />
19-->src\main\AndroidManifest.xml:12:9-32
20
21    <permission
21-->[androidx.core:core:1.12.0] AndroidManifest.xml:22:5-24:47
22        android:name="com.unfamiliardev.bbc.DYNAMIC_RECEIVER_NOT_EXPORTED_PERMISSION"
22-->[androidx.core:core:1.12.0] AndroidManifest.xml:23:9-81
23        android:protectionLevel="signature" />
23-->[androidx.core:core:1.12.0] AndroidManifest.xml:24:9-44
24
25    <uses-permission android:name="com.unfamiliardev.bbc.DYNAMIC_RECEIVER_NOT_EXPORTED_PERMISSION" />
25-->[androidx.core:core:1.12.0] AndroidManifest.xml:26:5-97
25-->[androidx.core:core:1.12.0] AndroidManifest.xml:26:22-94
26
27    <application
27-->src\main\AndroidManifest.xml:14:5-55:19
28        android:allowBackup="true"
28-->src\main\AndroidManifest.xml:15:9-35
29        android:appComponentFactory="androidx.core.app.CoreComponentFactory"
29-->[androidx.core:core:1.12.0] AndroidManifest.xml:28:18-86
30        android:banner="@drawable/app_banner"
30-->src\main\AndroidManifest.xml:16:9-46
31        android:debuggable="true"
32        android:extractNativeLibs="true"
33        android:icon="@drawable/app_banner"
33-->src\main\AndroidManifest.xml:17:9-44
34        android:label="@string/app_name"
34-->src\main\AndroidManifest.xml:18:9-41
35        android:networkSecurityConfig="@xml/network_security_config"
35-->src\main\AndroidManifest.xml:19:9-69
36        android:supportsRtl="true"
36-->src\main\AndroidManifest.xml:20:9-35
37        android:testOnly="true"
38        android:theme="@style/Theme.BBC" >
38-->src\main\AndroidManifest.xml:21:9-41
39        <meta-data
39-->src\main\AndroidManifest.xml:23:9-25:45
40            android:name="developer"
40-->src\main\AndroidManifest.xml:24:13-37
41            android:value="unfamiliardev" />
41-->src\main\AndroidManifest.xml:25:13-42
42
43        <activity
43-->src\main\AndroidManifest.xml:27:9-36:20
44            android:name="com.unfamiliardev.bbc.ui.MainActivity"
44-->src\main\AndroidManifest.xml:28:13-44
45            android:configChanges="keyboard|keyboardHidden|navigation|orientation|screenSize"
45-->src\main\AndroidManifest.xml:29:13-94
46            android:exported="true"
46-->src\main\AndroidManifest.xml:30:13-36
47            android:label="@string/app_name" >
47-->src\main\AndroidManifest.xml:31:13-45
48            <intent-filter>
48-->src\main\AndroidManifest.xml:32:13-35:29
49                <action android:name="android.intent.action.MAIN" />
49-->src\main\AndroidManifest.xml:33:17-69
49-->src\main\AndroidManifest.xml:33:25-66
50
51                <category android:name="android.intent.category.LEANBACK_LAUNCHER" />
51-->src\main\AndroidManifest.xml:34:17-86
51-->src\main\AndroidManifest.xml:34:27-83
52            </intent-filter>
53        </activity>
54        <activity
54-->src\main\AndroidManifest.xml:38:9-42:46
55            android:name="com.unfamiliardev.bbc.ui.player.PlayerActivity"
55-->src\main\AndroidManifest.xml:39:13-53
56            android:configChanges="keyboard|keyboardHidden|navigation|orientation|screenSize"
56-->src\main\AndroidManifest.xml:40:13-94
57            android:exported="false"
57-->src\main\AndroidManifest.xml:41:13-37
58            android:launchMode="singleTop" />
58-->src\main\AndroidManifest.xml:42:13-43
59        <activity
59-->src\main\AndroidManifest.xml:44:9-47:40
60            android:name="com.unfamiliardev.bbc.ui.playlist.PlaylistActivity"
60-->src\main\AndroidManifest.xml:45:13-57
61            android:configChanges="keyboard|keyboardHidden|navigation|orientation|screenSize"
61-->src\main\AndroidManifest.xml:46:13-94
62            android:exported="false" />
62-->src\main\AndroidManifest.xml:47:13-37
63        <activity
63-->src\main\AndroidManifest.xml:49:9-53:56
64            android:name="com.unfamiliardev.bbc.ui.credits.CreditsActivity"
64-->src\main\AndroidManifest.xml:50:13-55
65            android:configChanges="keyboard|keyboardHidden|navigation|orientation|screenSize"
65-->src\main\AndroidManifest.xml:51:13-94
66            android:exported="false"
66-->src\main\AndroidManifest.xml:52:13-37
67            android:theme="@style/Theme.BBC.Credits" />
67-->src\main\AndroidManifest.xml:53:13-53
68
69        <service
69-->[androidx.room:room-runtime:2.6.1] AndroidManifest.xml:24:9-28:63
70            android:name="androidx.room.MultiInstanceInvalidationService"
70-->[androidx.room:room-runtime:2.6.1] AndroidManifest.xml:25:13-74
71            android:directBootAware="true"
71-->[androidx.room:room-runtime:2.6.1] AndroidManifest.xml:26:13-43
72            android:exported="false" />
72-->[androidx.room:room-runtime:2.6.1] AndroidManifest.xml:27:13-37
73
74        <provider
74-->[androidx.profileinstaller:profileinstaller:1.3.0] AndroidManifest.xml:24:9-32:20
75            android:name="androidx.startup.InitializationProvider"
75-->[androidx.profileinstaller:profileinstaller:1.3.0] AndroidManifest.xml:25:13-67
76            android:authorities="com.unfamiliardev.bbc.androidx-startup"
76-->[androidx.profileinstaller:profileinstaller:1.3.0] AndroidManifest.xml:26:13-68
77            android:exported="false" >
77-->[androidx.profileinstaller:profileinstaller:1.3.0] AndroidManifest.xml:27:13-37
78            <meta-data
78-->[androidx.profileinstaller:profileinstaller:1.3.0] AndroidManifest.xml:29:13-31:52
79                android:name="androidx.profileinstaller.ProfileInstallerInitializer"
79-->[androidx.profileinstaller:profileinstaller:1.3.0] AndroidManifest.xml:30:17-85
80                android:value="androidx.startup" />
80-->[androidx.profileinstaller:profileinstaller:1.3.0] AndroidManifest.xml:31:17-49
81        </provider>
82
83        <receiver
83-->[androidx.profileinstaller:profileinstaller:1.3.0] AndroidManifest.xml:34:9-52:20
84            android:name="androidx.profileinstaller.ProfileInstallReceiver"
84-->[androidx.profileinstaller:profileinstaller:1.3.0] AndroidManifest.xml:35:13-76
85            android:directBootAware="false"
85-->[androidx.profileinstaller:profileinstaller:1.3.0] AndroidManifest.xml:36:13-44
86            android:enabled="true"
86-->[androidx.profileinstaller:profileinstaller:1.3.0] AndroidManifest.xml:37:13-35
87            android:exported="true"
87-->[androidx.profileinstaller:profileinstaller:1.3.0] AndroidManifest.xml:38:13-36
88            android:permission="android.permission.DUMP" >
88-->[androidx.profileinstaller:profileinstaller:1.3.0] AndroidManifest.xml:39:13-57
89            <intent-filter>
89-->[androidx.profileinstaller:profileinstaller:1.3.0] AndroidManifest.xml:40:13-42:29
90                <action android:name="androidx.profileinstaller.action.INSTALL_PROFILE" />
90-->[androidx.profileinstaller:profileinstaller:1.3.0] AndroidManifest.xml:41:17-91
90-->[androidx.profileinstaller:profileinstaller:1.3.0] AndroidManifest.xml:41:25-88
91            </intent-filter>
92            <intent-filter>
92-->[androidx.profileinstaller:profileinstaller:1.3.0] AndroidManifest.xml:43:13-45:29
93                <action android:name="androidx.profileinstaller.action.SKIP_FILE" />
93-->[androidx.profileinstaller:profileinstaller:1.3.0] AndroidManifest.xml:44:17-85
93-->[androidx.profileinstaller:profileinstaller:1.3.0] AndroidManifest.xml:44:25-82
94            </intent-filter>
95            <intent-filter>
95-->[androidx.profileinstaller:profileinstaller:1.3.0] AndroidManifest.xml:46:13-48:29
96                <action android:name="androidx.profileinstaller.action.SAVE_PROFILE" />
96-->[androidx.profileinstaller:profileinstaller:1.3.0] AndroidManifest.xml:47:17-88
96-->[androidx.profileinstaller:profileinstaller:1.3.0] AndroidManifest.xml:47:25-85
97            </intent-filter>
98            <intent-filter>
98-->[androidx.profileinstaller:profileinstaller:1.3.0] AndroidManifest.xml:49:13-51:29
99                <action android:name="androidx.profileinstaller.action.BENCHMARK_OPERATION" />
99-->[androidx.profileinstaller:profileinstaller:1.3.0] AndroidManifest.xml:50:17-95
99-->[androidx.profileinstaller:profileinstaller:1.3.0] AndroidManifest.xml:50:25-92
100            </intent-filter>
101        </receiver>
102    </application>
103
104</manifest>